<?xml version="1.0" encoding="UTF-8"?>
<!-- Generated by org.testng.reporters.JUnitReportReporter -->
<testsuite hostname="LAPTOP-3014" failures="0" tests="7" name="org.sample.B" time="102.680" errors="0" timestamp="2023-03-28T12:26:30 IST" skipped="0">
  <testcase classname="org.sample.B" name="tc3" time="16.597"/>
  <system-out/>
  <testcase classname="org.sample.B" name="tc1" time="3.083"/>
  <system-out/>
  <testcase classname="org.sample.B" name="tc2" time="7.613"/>
  <system-out/>
  <testcase classname="org.sample.B" name="tc5" time="28.346"/>
  <system-out/>
  <testcase classname="org.sample.B" name="tc6" time="4.338"/>
  <system-out/>
  <testcase classname="org.sample.B" name="tc7" time="25.631"/>
  <system-out/>
  <testcase classname="org.sample.B" name="tc4" time="17.072"/>
  <system-out/>
</testsuite> <!-- org.sample.B -->
