<?xml version="1.0" encoding="UTF-8"?>
<!-- Generated by org.testng.reporters.JUnitReportReporter -->
<testsuite hostname="LAPTOP-3014" failures="0" tests="5" name="org.sample.testng" time="18.377" errors="0" timestamp="2023-03-28T12:26:30 IST" skipped="0">
  <testcase classname="org.sample.testng" name="tc1" time="1.371"/>
  <system-out/>
  <testcase classname="org.sample.testng" name="tc3" time="5.546"/>
  <system-out/>
  <testcase classname="org.sample.testng" name="tc1" time="3.826"/>
  <system-out/>
  <testcase classname="org.sample.testng" name="tc1" time="1.161"/>
  <system-out/>
  <testcase classname="org.sample.testng" name="tc2" time="6.473"/>
  <system-out/>
</testsuite> <!-- org.sample.testng -->
