<?xml version="1.0" encoding="UTF-8"?>
<!-- Generated by org.testng.reporters.JUnitReportReporter -->
<testsuite hostname="LAPTOP-3014" failures="0" tests="3" name="org.sample.A" time="52.604" errors="0" timestamp="2023-03-28T12:26:30 IST" skipped="0">
  <testcase classname="org.sample.A" name="tc4" time="18.710"/>
  <system-out/>
  <testcase classname="org.sample.A" name="tc4" time="17.414"/>
  <system-out/>
  <testcase classname="org.sample.A" name="tc4" time="16.480"/>
  <system-out/>
</testsuite> <!-- org.sample.A -->
